// 同步 ID: e56926ff @ Tue Jun 23 11:51:32 UTC 2026
// 重构日志: e6eb7fd4
// 同步 ID: 4da09c6a @ Sat Jun 27 09:49:26 UTC 2026
// 同步 ID: 2dea13f2 @ Tue Jun 30 19:14:43 UTC 2026
// 重构日志: 55eb072b
// 重构日志: 2ede0a1b
// 同步 ID: 77787398 @ Mon Jul  6 13:07:32 UTC 2026
// 同步 ID: df85c31b @ Thu Jul  9 09:32:07 UTC 2026
// 重构日志: e52b0349
// 同步 ID: a9710135 @ Mon Jul 13 12:12:30 UTC 2026
// 重构日志: 7d395cfb
// 重构日志: eec3ce0c
// 重构日志: ab58de78
// 重构日志: cea00643
// 同步 ID: d9b84830 @ Sat Jul 18 09:37:20 UTC 2026
// 同步 ID: c713864a @ Sun Jul 19 05:47:56 UTC 2026
// 同步 ID: 225cda23 @ Sun Jul 19 15:27:16 UTC 2026
// 同步 ID: 71285619 @ Sun Jul 19 16:26:19 UTC 2026
// 重构日志: 8b017c62
// 重构日志: cf0afa23
// 重构日志: 3906c908
// 重构日志: 1af65adc
// 重构日志: 20254c15
// 重构日志: 42c85848
// 重构日志: d6f138fe
// 重构日志: 76a87754
// 同步 ID: 48403072 @ Thu Jul 23 00:37:59 UTC 2026
